Building DAG of jobs...
Using shell: /bin/bash
Provided cores: 1 (use --cores to define parallelism)
Rules claiming more threads will be scaled down.
Job stats:
job             count
------------  -------
prepare_data        1
total               1

Select jobs to execute...

[Thu May  8 16:03:46 2025]
rule prepare_data:
    output: data/energy_data.csv, data/buildings_data.csv, data/cleaned_data.csv
    jobid: 0
    reason: Missing output files: data/cleaned_data.csv, data/buildings_data.csv, data/energy_data.csv
    resources: tmpdir=/var/folders/0g/yrzmgv055pj3lnwh9298g0bh0000gn/T

[Thu May  8 16:03:53 2025]
Finished job 0.
1 of 1 steps (100%) done
Complete log: .snakemake/log/2025-05-08T160346.813067.snakemake.log
