Building DAG of jobs...
Using shell: /bin/bash
Provided cores: 1 (use --cores to define parallelism)
Rules claiming more threads will be scaled down.
Job stats:
job             count
------------  -------
analyze_data        1
total               1

Select jobs to execute...

[Thu May  8 16:36:31 2025]
rule analyze_data:
    input: data/cleaned_data.csv
    output: output/scatter_plots.png, output/correlation_heatmap.png, output/pie_chart.png, output/avg_emissions_barplot.png, output/anova_tukey_results.txt
    jobid: 0
    reason: Missing output files: output/correlation_heatmap.png, output/scatter_plots.png, output/anova_tukey_results.txt, output/avg_emissions_barplot.png, output/pie_chart.png
    resources: tmpdir=/var/folders/0g/yrzmgv055pj3lnwh9298g0bh0000gn/T

[Thu May  8 16:36:35 2025]
Finished job 0.
1 of 1 steps (100%) done
Complete log: .snakemake/log/2025-05-08T163631.754893.snakemake.log
